<?xml version="1.0" encoding="UTF-8"?>
<!-- Generated by org.testng.reporters.JUnitReportReporter -->
<testsuite hostname="LIN64015127" failures="0" tests="1" name="com.bdd.testRunner.TestRunner" time="0.191" errors="0" timestamp="2023-04-10T18:37:44 IST" skipped="0">
  <testcase classname="com.bdd.testRunner.TestRunner" name="runScenario" time="0.191"/>
  <system-out/>
</testsuite> <!-- com.bdd.testRunner.TestRunner -->
